mode: set
chaincode/chaincode_tokens/chaincode_tokens.go:35.13,39.16 2 0
chaincode/chaincode_tokens/chaincode_tokens.go:39.16,41.3 1 0
chaincode/chaincode_tokens/chaincode_tokens.go:46.73,56.28 5 1
chaincode/chaincode_tokens/chaincode_tokens.go:61.2,61.33 1 1
chaincode/chaincode_tokens/chaincode_tokens.go:67.2,68.30 2 1
chaincode/chaincode_tokens/chaincode_tokens.go:73.2,74.36 2 1
chaincode/chaincode_tokens/chaincode_tokens.go:79.2,80.36 2 1
chaincode/chaincode_tokens/chaincode_tokens.go:94.2,95.36 2 1
chaincode/chaincode_tokens/chaincode_tokens.go:131.2,131.35 1 1
chaincode/chaincode_tokens/chaincode_tokens.go:56.28,59.3 1 1
chaincode/chaincode_tokens/chaincode_tokens.go:61.33,62.24 1 1
chaincode/chaincode_tokens/chaincode_tokens.go:62.24,64.4 1 1
chaincode/chaincode_tokens/chaincode_tokens.go:68.30,70.3 1 1
chaincode/chaincode_tokens/chaincode_tokens.go:74.36,76.3 1 1
chaincode/chaincode_tokens/chaincode_tokens.go:80.36,82.17 2 1
chaincode/chaincode_tokens/chaincode_tokens.go:85.3,86.17 2 1
chaincode/chaincode_tokens/chaincode_tokens.go:82.17,84.4 1 0
chaincode/chaincode_tokens/chaincode_tokens.go:86.17,88.4 1 0
chaincode/chaincode_tokens/chaincode_tokens.go:95.36,99.17 2 1
chaincode/chaincode_tokens/chaincode_tokens.go:104.3,106.17 3 1
chaincode/chaincode_tokens/chaincode_tokens.go:111.3,113.17 2 1
chaincode/chaincode_tokens/chaincode_tokens.go:116.3,117.17 2 1
chaincode/chaincode_tokens/chaincode_tokens.go:123.3,124.17 2 1
chaincode/chaincode_tokens/chaincode_tokens.go:127.3,127.39 1 1
chaincode/chaincode_tokens/chaincode_tokens.go:99.17,101.4 1 0
chaincode/chaincode_tokens/chaincode_tokens.go:106.17,108.4 1 0
chaincode/chaincode_tokens/chaincode_tokens.go:113.17,115.4 1 0
chaincode/chaincode_tokens/chaincode_tokens.go:117.17,119.4 1 0
chaincode/chaincode_tokens/chaincode_tokens.go:124.17,126.4 1 0
chaincode/chaincode_tokens/chaincode_tokens.go:136.75,140.33 2 1
chaincode/chaincode_tokens/chaincode_tokens.go:166.2,166.59 1 1
chaincode/chaincode_tokens/chaincode_tokens.go:140.33,142.3 1 1
chaincode/chaincode_tokens/chaincode_tokens.go:142.3,142.44 1 1
chaincode/chaincode_tokens/chaincode_tokens.go:142.44,144.3 1 1
chaincode/chaincode_tokens/chaincode_tokens.go:144.3,144.41 1 1
chaincode/chaincode_tokens/chaincode_tokens.go:144.41,146.3 1 1
chaincode/chaincode_tokens/chaincode_tokens.go:146.3,146.43 1 1
chaincode/chaincode_tokens/chaincode_tokens.go:146.43,148.3 1 1
chaincode/chaincode_tokens/chaincode_tokens.go:148.3,148.41 1 1
chaincode/chaincode_tokens/chaincode_tokens.go:148.41,150.3 1 1
chaincode/chaincode_tokens/chaincode_tokens.go:150.3,150.41 1 1
chaincode/chaincode_tokens/chaincode_tokens.go:150.41,152.3 1 1
chaincode/chaincode_tokens/chaincode_tokens.go:152.3,152.46 1 1
chaincode/chaincode_tokens/chaincode_tokens.go:152.46,154.3 1 1
chaincode/chaincode_tokens/chaincode_tokens.go:154.3,154.43 1 1
chaincode/chaincode_tokens/chaincode_tokens.go:154.43,156.3 1 1
chaincode/chaincode_tokens/chaincode_tokens.go:156.3,156.48 1 1
chaincode/chaincode_tokens/chaincode_tokens.go:156.48,158.3 1 1
chaincode/chaincode_tokens/chaincode_tokens.go:158.3,158.39 1 1
chaincode/chaincode_tokens/chaincode_tokens.go:158.39,160.3 1 1
chaincode/chaincode_tokens/chaincode_tokens.go:160.3,160.42 1 1
chaincode/chaincode_tokens/chaincode_tokens.go:160.42,162.3 1 1
chaincode/chaincode_tokens/chaincode_tokens.go:162.3,162.41 1 1
chaincode/chaincode_tokens/chaincode_tokens.go:162.41,164.3 1 1
chaincode/chaincode_tokens/chaincode_tokens.go:171.97,176.28 3 1
chaincode/chaincode_tokens/chaincode_tokens.go:181.2,181.33 1 1
chaincode/chaincode_tokens/chaincode_tokens.go:188.2,193.16 4 1
chaincode/chaincode_tokens/chaincode_tokens.go:200.2,203.16 4 1
chaincode/chaincode_tokens/chaincode_tokens.go:208.2,209.16 2 1
chaincode/chaincode_tokens/chaincode_tokens.go:216.2,218.16 3 1
chaincode/chaincode_tokens/chaincode_tokens.go:224.2,228.48 3 1
chaincode/chaincode_tokens/chaincode_tokens.go:176.28,178.3 1 1
chaincode/chaincode_tokens/chaincode_tokens.go:181.33,182.24 1 1
chaincode/chaincode_tokens/chaincode_tokens.go:182.24,184.4 1 1
chaincode/chaincode_tokens/chaincode_tokens.go:193.16,195.3 1 0
chaincode/chaincode_tokens/chaincode_tokens.go:195.3,195.34 1 1
chaincode/chaincode_tokens/chaincode_tokens.go:195.34,197.3 1 1
chaincode/chaincode_tokens/chaincode_tokens.go:203.16,205.3 1 0
chaincode/chaincode_tokens/chaincode_tokens.go:209.16,211.3 1 0
chaincode/chaincode_tokens/chaincode_tokens.go:218.16,220.3 1 0
chaincode/chaincode_tokens/chaincode_tokens.go:233.101,238.28 3 1
chaincode/chaincode_tokens/chaincode_tokens.go:243.2,243.33 1 1
chaincode/chaincode_tokens/chaincode_tokens.go:250.2,256.16 5 1
chaincode/chaincode_tokens/chaincode_tokens.go:261.2,262.38 2 1
chaincode/chaincode_tokens/chaincode_tokens.go:267.2,269.16 3 1
chaincode/chaincode_tokens/chaincode_tokens.go:272.2,272.26 1 1
chaincode/chaincode_tokens/chaincode_tokens.go:277.2,278.39 2 1
chaincode/chaincode_tokens/chaincode_tokens.go:283.2,284.41 2 1
chaincode/chaincode_tokens/chaincode_tokens.go:289.2,290.16 2 1
chaincode/chaincode_tokens/chaincode_tokens.go:295.2,297.16 3 1
chaincode/chaincode_tokens/chaincode_tokens.go:302.2,303.16 2 1
chaincode/chaincode_tokens/chaincode_tokens.go:309.2,311.16 2 1
chaincode/chaincode_tokens/chaincode_tokens.go:314.2,317.33 2 1
chaincode/chaincode_tokens/chaincode_tokens.go:367.2,367.48 1 1
chaincode/chaincode_tokens/chaincode_tokens.go:238.28,240.3 1 1
chaincode/chaincode_tokens/chaincode_tokens.go:243.33,244.24 1 1
chaincode/chaincode_tokens/chaincode_tokens.go:244.24,246.4 1 1
chaincode/chaincode_tokens/chaincode_tokens.go:256.16,258.3 1 0
chaincode/chaincode_tokens/chaincode_tokens.go:262.38,264.3 1 0
chaincode/chaincode_tokens/chaincode_tokens.go:269.16,271.3 1 0
chaincode/chaincode_tokens/chaincode_tokens.go:272.26,274.3 1 1
chaincode/chaincode_tokens/chaincode_tokens.go:278.39,280.3 1 0
chaincode/chaincode_tokens/chaincode_tokens.go:284.41,286.3 1 0
chaincode/chaincode_tokens/chaincode_tokens.go:290.16,292.3 1 0
chaincode/chaincode_tokens/chaincode_tokens.go:297.16,299.3 1 0
chaincode/chaincode_tokens/chaincode_tokens.go:303.16,305.3 1 0
chaincode/chaincode_tokens/chaincode_tokens.go:311.16,313.3 1 0
chaincode/chaincode_tokens/chaincode_tokens.go:317.33,320.17 2 1
chaincode/chaincode_tokens/chaincode_tokens.go:325.3,327.17 3 1
chaincode/chaincode_tokens/chaincode_tokens.go:332.3,333.17 2 1
chaincode/chaincode_tokens/chaincode_tokens.go:338.3,340.17 2 1
chaincode/chaincode_tokens/chaincode_tokens.go:343.3,346.43 2 1
chaincode/chaincode_tokens/chaincode_tokens.go:351.3,352.17 2 1
chaincode/chaincode_tokens/chaincode_tokens.go:357.3,358.17 2 1
chaincode/chaincode_tokens/chaincode_tokens.go:361.3,361.43 1 1
chaincode/chaincode_tokens/chaincode_tokens.go:320.17,322.4 1 0
chaincode/chaincode_tokens/chaincode_tokens.go:327.17,329.4 1 0
chaincode/chaincode_tokens/chaincode_tokens.go:333.17,335.4 1 0
chaincode/chaincode_tokens/chaincode_tokens.go:340.17,342.4 1 0
chaincode/chaincode_tokens/chaincode_tokens.go:346.43,348.4 1 0
chaincode/chaincode_tokens/chaincode_tokens.go:352.17,354.4 1 0
chaincode/chaincode_tokens/chaincode_tokens.go:358.17,360.4 1 0
chaincode/chaincode_tokens/chaincode_tokens.go:361.43,363.4 1 0
chaincode/chaincode_tokens/chaincode_tokens.go:372.98,377.28 3 1
chaincode/chaincode_tokens/chaincode_tokens.go:382.2,382.33 1 1
chaincode/chaincode_tokens/chaincode_tokens.go:389.2,393.16 3 1
chaincode/chaincode_tokens/chaincode_tokens.go:400.2,400.37 1 1
chaincode/chaincode_tokens/chaincode_tokens.go:377.28,379.3 1 1
chaincode/chaincode_tokens/chaincode_tokens.go:382.33,383.24 1 1
chaincode/chaincode_tokens/chaincode_tokens.go:383.24,385.4 1 1
chaincode/chaincode_tokens/chaincode_tokens.go:393.16,395.3 1 0
chaincode/chaincode_tokens/chaincode_tokens.go:395.3,395.34 1 1
chaincode/chaincode_tokens/chaincode_tokens.go:395.34,397.3 1 0
chaincode/chaincode_tokens/chaincode_tokens.go:405.100,410.28 3 1
chaincode/chaincode_tokens/chaincode_tokens.go:415.2,415.33 1 1
chaincode/chaincode_tokens/chaincode_tokens.go:422.2,427.16 3 1
chaincode/chaincode_tokens/chaincode_tokens.go:430.2,434.38 3 1
chaincode/chaincode_tokens/chaincode_tokens.go:462.2,466.38 3 1
chaincode/chaincode_tokens/chaincode_tokens.go:410.28,412.3 1 1
chaincode/chaincode_tokens/chaincode_tokens.go:415.33,416.24 1 1
chaincode/chaincode_tokens/chaincode_tokens.go:416.24,418.4 1 1
chaincode/chaincode_tokens/chaincode_tokens.go:427.16,429.3 1 0
chaincode/chaincode_tokens/chaincode_tokens.go:434.38,437.17 2 1
chaincode/chaincode_tokens/chaincode_tokens.go:442.3,443.17 2 1
chaincode/chaincode_tokens/chaincode_tokens.go:446.3,450.33 3 1
chaincode/chaincode_tokens/chaincode_tokens.go:455.3,456.38 2 1
chaincode/chaincode_tokens/chaincode_tokens.go:437.17,439.4 1 0
chaincode/chaincode_tokens/chaincode_tokens.go:443.17,445.4 1 0
chaincode/chaincode_tokens/chaincode_tokens.go:450.33,452.4 1 0
chaincode/chaincode_tokens/chaincode_tokens.go:456.38,458.4 1 1
chaincode/chaincode_tokens/chaincode_tokens.go:471.98,476.28 3 1
chaincode/chaincode_tokens/chaincode_tokens.go:481.2,481.33 1 1
chaincode/chaincode_tokens/chaincode_tokens.go:488.2,492.34 3 1
chaincode/chaincode_tokens/chaincode_tokens.go:495.2,496.36 2 1
chaincode/chaincode_tokens/chaincode_tokens.go:501.2,501.32 1 1
chaincode/chaincode_tokens/chaincode_tokens.go:506.2,507.16 2 1
chaincode/chaincode_tokens/chaincode_tokens.go:513.2,515.18 3 1
chaincode/chaincode_tokens/chaincode_tokens.go:545.2,547.16 3 1
chaincode/chaincode_tokens/chaincode_tokens.go:550.2,551.16 2 1
chaincode/chaincode_tokens/chaincode_tokens.go:554.2,555.16 2 1
chaincode/chaincode_tokens/chaincode_tokens.go:560.2,560.35 1 1
chaincode/chaincode_tokens/chaincode_tokens.go:476.28,478.3 1 1
chaincode/chaincode_tokens/chaincode_tokens.go:481.33,482.24 1 1
chaincode/chaincode_tokens/chaincode_tokens.go:482.24,484.4 1 1
chaincode/chaincode_tokens/chaincode_tokens.go:492.34,494.3 1 1
chaincode/chaincode_tokens/chaincode_tokens.go:496.36,498.3 1 1
chaincode/chaincode_tokens/chaincode_tokens.go:501.32,503.3 1 1
chaincode/chaincode_tokens/chaincode_tokens.go:507.16,509.3 1 1
chaincode/chaincode_tokens/chaincode_tokens.go:515.18,518.17 2 1
chaincode/chaincode_tokens/chaincode_tokens.go:521.3,523.17 2 1
chaincode/chaincode_tokens/chaincode_tokens.go:518.17,520.4 1 0
chaincode/chaincode_tokens/chaincode_tokens.go:523.17,525.4 1 0
chaincode/chaincode_tokens/chaincode_tokens.go:526.3,529.17 2 1
chaincode/chaincode_tokens/chaincode_tokens.go:532.3,534.17 2 1
chaincode/chaincode_tokens/chaincode_tokens.go:537.3,539.17 2 1
chaincode/chaincode_tokens/chaincode_tokens.go:529.17,531.4 1 0
chaincode/chaincode_tokens/chaincode_tokens.go:534.17,536.4 1 0
chaincode/chaincode_tokens/chaincode_tokens.go:539.17,541.4 1 0
chaincode/chaincode_tokens/chaincode_tokens.go:547.16,549.3 1 0
chaincode/chaincode_tokens/chaincode_tokens.go:551.16,553.3 1 0
chaincode/chaincode_tokens/chaincode_tokens.go:555.16,557.3 1 0
chaincode/chaincode_tokens/chaincode_tokens.go:566.98,571.28 3 1
chaincode/chaincode_tokens/chaincode_tokens.go:576.2,576.33 1 1
chaincode/chaincode_tokens/chaincode_tokens.go:583.2,587.34 3 1
chaincode/chaincode_tokens/chaincode_tokens.go:590.2,591.36 2 1
chaincode/chaincode_tokens/chaincode_tokens.go:596.2,597.16 2 1
chaincode/chaincode_tokens/chaincode_tokens.go:603.2,604.16 2 1
chaincode/chaincode_tokens/chaincode_tokens.go:609.2,610.16 2 1
chaincode/chaincode_tokens/chaincode_tokens.go:617.2,619.42 3 1
chaincode/chaincode_tokens/chaincode_tokens.go:624.2,626.16 3 1
chaincode/chaincode_tokens/chaincode_tokens.go:631.2,631.31 1 1
chaincode/chaincode_tokens/chaincode_tokens.go:636.2,638.18 3 1
chaincode/chaincode_tokens/chaincode_tokens.go:669.2,671.16 3 1
chaincode/chaincode_tokens/chaincode_tokens.go:674.2,675.16 2 1
chaincode/chaincode_tokens/chaincode_tokens.go:678.2,679.16 2 1
chaincode/chaincode_tokens/chaincode_tokens.go:684.2,684.35 1 1
chaincode/chaincode_tokens/chaincode_tokens.go:571.28,573.3 1 1
chaincode/chaincode_tokens/chaincode_tokens.go:576.33,577.24 1 1
chaincode/chaincode_tokens/chaincode_tokens.go:577.24,579.4 1 1
chaincode/chaincode_tokens/chaincode_tokens.go:587.34,589.3 1 1
chaincode/chaincode_tokens/chaincode_tokens.go:591.36,593.3 1 1
chaincode/chaincode_tokens/chaincode_tokens.go:597.16,599.3 1 1
chaincode/chaincode_tokens/chaincode_tokens.go:604.16,606.3 1 0
chaincode/chaincode_tokens/chaincode_tokens.go:606.3,606.38 1 1
chaincode/chaincode_tokens/chaincode_tokens.go:606.38,608.3 1 0
chaincode/chaincode_tokens/chaincode_tokens.go:610.16,612.3 1 0
chaincode/chaincode_tokens/chaincode_tokens.go:612.3,612.36 1 1
chaincode/chaincode_tokens/chaincode_tokens.go:612.36,614.3 1 0
chaincode/chaincode_tokens/chaincode_tokens.go:619.42,621.3 1 0
chaincode/chaincode_tokens/chaincode_tokens.go:626.16,628.3 1 0
chaincode/chaincode_tokens/chaincode_tokens.go:631.31,633.3 1 1
chaincode/chaincode_tokens/chaincode_tokens.go:638.18,641.17 2 1
chaincode/chaincode_tokens/chaincode_tokens.go:644.3,646.17 2 1
chaincode/chaincode_tokens/chaincode_tokens.go:641.17,643.4 1 0
chaincode/chaincode_tokens/chaincode_tokens.go:646.17,648.4 1 0
chaincode/chaincode_tokens/chaincode_tokens.go:649.3,652.17 2 1
chaincode/chaincode_tokens/chaincode_tokens.go:655.3,657.17 2 1
chaincode/chaincode_tokens/chaincode_tokens.go:660.3,662.17 2 1
chaincode/chaincode_tokens/chaincode_tokens.go:652.17,654.4 1 0
chaincode/chaincode_tokens/chaincode_tokens.go:657.17,659.4 1 0
chaincode/chaincode_tokens/chaincode_tokens.go:662.17,664.4 1 0
chaincode/chaincode_tokens/chaincode_tokens.go:671.16,673.3 1 0
chaincode/chaincode_tokens/chaincode_tokens.go:675.16,677.3 1 0
chaincode/chaincode_tokens/chaincode_tokens.go:679.16,681.3 1 0
chaincode/chaincode_tokens/chaincode_tokens.go:689.103,694.28 3 1
chaincode/chaincode_tokens/chaincode_tokens.go:699.2,699.33 1 1
chaincode/chaincode_tokens/chaincode_tokens.go:706.2,710.16 3 1
chaincode/chaincode_tokens/chaincode_tokens.go:715.2,717.16 3 1
chaincode/chaincode_tokens/chaincode_tokens.go:722.2,724.38 3 1
chaincode/chaincode_tokens/chaincode_tokens.go:729.2,731.16 3 1
chaincode/chaincode_tokens/chaincode_tokens.go:736.2,740.16 3 1
chaincode/chaincode_tokens/chaincode_tokens.go:745.2,746.16 2 1
chaincode/chaincode_tokens/chaincode_tokens.go:751.2,751.40 1 1
chaincode/chaincode_tokens/chaincode_tokens.go:694.28,696.3 1 1
chaincode/chaincode_tokens/chaincode_tokens.go:699.33,700.24 1 1
chaincode/chaincode_tokens/chaincode_tokens.go:700.24,702.4 1 1
chaincode/chaincode_tokens/chaincode_tokens.go:710.16,712.3 1 0
chaincode/chaincode_tokens/chaincode_tokens.go:712.3,712.34 1 1
chaincode/chaincode_tokens/chaincode_tokens.go:712.34,714.3 1 0
chaincode/chaincode_tokens/chaincode_tokens.go:717.16,719.3 1 0
chaincode/chaincode_tokens/chaincode_tokens.go:724.38,726.3 1 0
chaincode/chaincode_tokens/chaincode_tokens.go:731.16,733.3 1 0
chaincode/chaincode_tokens/chaincode_tokens.go:740.16,742.3 1 0
chaincode/chaincode_tokens/chaincode_tokens.go:746.16,748.3 1 0
chaincode/chaincode_tokens/chaincode_tokens.go:756.100,761.28 3 1
chaincode/chaincode_tokens/chaincode_tokens.go:766.2,766.33 1 1
chaincode/chaincode_tokens/chaincode_tokens.go:773.2,777.16 3 1
chaincode/chaincode_tokens/chaincode_tokens.go:780.2,784.34 3 1
chaincode/chaincode_tokens/chaincode_tokens.go:819.2,822.34 2 1
chaincode/chaincode_tokens/chaincode_tokens.go:761.28,763.3 1 1
chaincode/chaincode_tokens/chaincode_tokens.go:766.33,767.24 1 1
chaincode/chaincode_tokens/chaincode_tokens.go:767.24,769.4 1 1
chaincode/chaincode_tokens/chaincode_tokens.go:777.16,779.3 1 0
chaincode/chaincode_tokens/chaincode_tokens.go:784.34,787.17 2 1
chaincode/chaincode_tokens/chaincode_tokens.go:792.3,793.17 2 1
chaincode/chaincode_tokens/chaincode_tokens.go:798.3,803.17 4 1
chaincode/chaincode_tokens/chaincode_tokens.go:808.3,808.20 1 1
chaincode/chaincode_tokens/chaincode_tokens.go:787.17,789.4 1 0
chaincode/chaincode_tokens/chaincode_tokens.go:793.17,795.4 1 0
chaincode/chaincode_tokens/chaincode_tokens.go:803.17,805.4 1 0
chaincode/chaincode_tokens/chaincode_tokens.go:809.12,810.22 1 1
chaincode/chaincode_tokens/chaincode_tokens.go:811.12,812.22 1 1
chaincode/chaincode_tokens/chaincode_tokens.go:813.11,814.74 1 0
chaincode/chaincode_tokens/chaincode_tokens.go:827.105,831.28 2 1
chaincode/chaincode_tokens/chaincode_tokens.go:836.2,836.33 1 1
chaincode/chaincode_tokens/chaincode_tokens.go:843.2,847.16 3 0
chaincode/chaincode_tokens/chaincode_tokens.go:850.2,857.32 4 0
chaincode/chaincode_tokens/chaincode_tokens.go:904.2,907.37 2 0
chaincode/chaincode_tokens/chaincode_tokens.go:831.28,833.3 1 1
chaincode/chaincode_tokens/chaincode_tokens.go:836.33,837.24 1 1
chaincode/chaincode_tokens/chaincode_tokens.go:837.24,839.4 1 1
chaincode/chaincode_tokens/chaincode_tokens.go:847.16,849.3 1 0
chaincode/chaincode_tokens/chaincode_tokens.go:857.32,859.17 2 0
chaincode/chaincode_tokens/chaincode_tokens.go:865.3,876.24 6 0
chaincode/chaincode_tokens/chaincode_tokens.go:883.3,898.32 10 0
chaincode/chaincode_tokens/chaincode_tokens.go:859.17,861.4 1 0
chaincode/chaincode_tokens/chaincode_tokens.go:876.24,878.4 1 0
chaincode/chaincode_tokens/chaincode_tokens.go:878.4,880.4 1 0
chaincode/chaincode_tokens/chaincode_tokens.go:898.32,900.4 1 0
chaincode/chaincode_tokens/chaincode_tokens.go:912.96,917.28 3 1
chaincode/chaincode_tokens/chaincode_tokens.go:922.2,922.33 1 1
chaincode/chaincode_tokens/chaincode_tokens.go:929.2,934.16 3 1
chaincode/chaincode_tokens/chaincode_tokens.go:937.2,943.36 3 1
chaincode/chaincode_tokens/chaincode_tokens.go:960.2,961.16 2 1
chaincode/chaincode_tokens/chaincode_tokens.go:966.2,967.16 2 1
chaincode/chaincode_tokens/chaincode_tokens.go:972.2,974.35 3 1
chaincode/chaincode_tokens/chaincode_tokens.go:979.2,987.31 7 1
chaincode/chaincode_tokens/chaincode_tokens.go:917.28,919.3 1 1
chaincode/chaincode_tokens/chaincode_tokens.go:922.33,923.24 1 1
chaincode/chaincode_tokens/chaincode_tokens.go:923.24,925.4 1 1
chaincode/chaincode_tokens/chaincode_tokens.go:934.16,936.3 1 0
chaincode/chaincode_tokens/chaincode_tokens.go:943.36,946.17 2 1
chaincode/chaincode_tokens/chaincode_tokens.go:951.3,951.37 1 1
chaincode/chaincode_tokens/chaincode_tokens.go:956.3,956.24 1 0
chaincode/chaincode_tokens/chaincode_tokens.go:946.17,948.4 1 0
chaincode/chaincode_tokens/chaincode_tokens.go:951.37,953.4 1 1
chaincode/chaincode_tokens/chaincode_tokens.go:961.16,963.3 1 0
chaincode/chaincode_tokens/chaincode_tokens.go:967.16,969.3 1 0
chaincode/chaincode_tokens/chaincode_tokens.go:974.35,976.3 1 0
chaincode/chaincode_tokens/chaincode_tokens.go:992.99,997.28 3 1
chaincode/chaincode_tokens/chaincode_tokens.go:1002.2,1002.33 1 1
chaincode/chaincode_tokens/chaincode_tokens.go:1009.2,1016.16 5 0
chaincode/chaincode_tokens/chaincode_tokens.go:1019.2,1022.43 2 0
chaincode/chaincode_tokens/chaincode_tokens.go:1027.2,1028.16 2 0
chaincode/chaincode_tokens/chaincode_tokens.go:1033.2,1034.16 2 0
chaincode/chaincode_tokens/chaincode_tokens.go:1039.2,1039.42 1 0
chaincode/chaincode_tokens/chaincode_tokens.go:1044.2,1047.39 4 0
chaincode/chaincode_tokens/chaincode_tokens.go:1050.2,1050.47 1 0
chaincode/chaincode_tokens/chaincode_tokens.go:1055.2,1057.16 2 0
chaincode/chaincode_tokens/chaincode_tokens.go:1062.2,1063.16 2 0
chaincode/chaincode_tokens/chaincode_tokens.go:1069.2,1071.16 3 0
chaincode/chaincode_tokens/chaincode_tokens.go:1076.2,1078.16 2 0
chaincode/chaincode_tokens/chaincode_tokens.go:1083.2,1084.16 2 0
chaincode/chaincode_tokens/chaincode_tokens.go:1090.2,1090.35 1 0
chaincode/chaincode_tokens/chaincode_tokens.go:997.28,999.3 1 1
chaincode/chaincode_tokens/chaincode_tokens.go:1002.33,1003.24 1 1
chaincode/chaincode_tokens/chaincode_tokens.go:1003.24,1005.4 1 1
chaincode/chaincode_tokens/chaincode_tokens.go:1016.16,1018.3 1 0
chaincode/chaincode_tokens/chaincode_tokens.go:1022.43,1024.3 1 0
chaincode/chaincode_tokens/chaincode_tokens.go:1028.16,1030.3 1 0
chaincode/chaincode_tokens/chaincode_tokens.go:1034.16,1036.3 1 0
chaincode/chaincode_tokens/chaincode_tokens.go:1039.42,1041.3 1 0
chaincode/chaincode_tokens/chaincode_tokens.go:1047.39,1049.3 1 0
chaincode/chaincode_tokens/chaincode_tokens.go:1050.47,1052.3 1 0
chaincode/chaincode_tokens/chaincode_tokens.go:1057.16,1059.3 1 0
chaincode/chaincode_tokens/chaincode_tokens.go:1063.16,1065.3 1 0
chaincode/chaincode_tokens/chaincode_tokens.go:1071.16,1073.3 1 0
chaincode/chaincode_tokens/chaincode_tokens.go:1078.16,1080.3 1 0
chaincode/chaincode_tokens/chaincode_tokens.go:1084.16,1086.3 1 0
chaincode/chaincode_tokens/chaincode_tokens.go:1093.98,1098.28 3 1
chaincode/chaincode_tokens/chaincode_tokens.go:1103.2,1103.33 1 1
chaincode/chaincode_tokens/chaincode_tokens.go:1110.2,1114.16 3 1
chaincode/chaincode_tokens/chaincode_tokens.go:1117.2,1121.34 3 1
chaincode/chaincode_tokens/chaincode_tokens.go:1187.2,1191.16 3 1
chaincode/chaincode_tokens/chaincode_tokens.go:1196.2,1198.16 2 1
chaincode/chaincode_tokens/chaincode_tokens.go:1204.2,1206.16 3 1
chaincode/chaincode_tokens/chaincode_tokens.go:1209.2,1210.16 2 1
chaincode/chaincode_tokens/chaincode_tokens.go:1216.2,1216.38 1 1
chaincode/chaincode_tokens/chaincode_tokens.go:1098.28,1100.3 1 1
chaincode/chaincode_tokens/chaincode_tokens.go:1103.33,1104.24 1 1
chaincode/chaincode_tokens/chaincode_tokens.go:1104.24,1106.4 1 1
chaincode/chaincode_tokens/chaincode_tokens.go:1114.16,1116.3 1 0
chaincode/chaincode_tokens/chaincode_tokens.go:1121.34,1124.17 2 1
chaincode/chaincode_tokens/chaincode_tokens.go:1129.3,1130.17 2 1
chaincode/chaincode_tokens/chaincode_tokens.go:1135.3,1141.17 5 1
chaincode/chaincode_tokens/chaincode_tokens.go:1147.3,1149.17 2 1
chaincode/chaincode_tokens/chaincode_tokens.go:1152.3,1154.43 2 1
chaincode/chaincode_tokens/chaincode_tokens.go:1159.3,1159.20 1 1
chaincode/chaincode_tokens/chaincode_tokens.go:1169.3,1170.17 2 1
chaincode/chaincode_tokens/chaincode_tokens.go:1175.3,1176.17 2 1
chaincode/chaincode_tokens/chaincode_tokens.go:1181.3,1182.17 2 1
chaincode/chaincode_tokens/chaincode_tokens.go:1124.17,1126.4 1 0
chaincode/chaincode_tokens/chaincode_tokens.go:1130.17,1132.4 1 0
chaincode/chaincode_tokens/chaincode_tokens.go:1141.17,1143.4 1 0
chaincode/chaincode_tokens/chaincode_tokens.go:1149.17,1151.4 1 0
chaincode/chaincode_tokens/chaincode_tokens.go:1154.43,1155.12 1 0
chaincode/chaincode_tokens/chaincode_tokens.go:1160.12,1161.22 1 1
chaincode/chaincode_tokens/chaincode_tokens.go:1162.12,1163.22 1 0
chaincode/chaincode_tokens/chaincode_tokens.go:1164.11,1165.74 1 0
chaincode/chaincode_tokens/chaincode_tokens.go:1170.17,1172.4 1 0
chaincode/chaincode_tokens/chaincode_tokens.go:1176.17,1178.4 1 0
chaincode/chaincode_tokens/chaincode_tokens.go:1182.17,1184.4 1 0
chaincode/chaincode_tokens/chaincode_tokens.go:1191.16,1193.3 1 0
chaincode/chaincode_tokens/chaincode_tokens.go:1198.16,1200.3 1 0
chaincode/chaincode_tokens/chaincode_tokens.go:1206.16,1208.3 1 0
chaincode/chaincode_tokens/chaincode_tokens.go:1210.16,1212.3 1 0
