mode: set
chaincode/chaincode_ad/chaincode_ad.go:38.13,42.16 2 0
chaincode/chaincode_ad/chaincode_ad.go:42.16,44.3 1 0
chaincode/chaincode_ad/chaincode_ad.go:49.73,51.2 1 1
chaincode/chaincode_ad/chaincode_ad.go:55.75,59.37 2 1
chaincode/chaincode_ad/chaincode_ad.go:75.2,75.59 1 1
chaincode/chaincode_ad/chaincode_ad.go:59.37,61.3 1 1
chaincode/chaincode_ad/chaincode_ad.go:61.3,61.47 1 1
chaincode/chaincode_ad/chaincode_ad.go:61.47,63.3 1 1
chaincode/chaincode_ad/chaincode_ad.go:63.3,63.43 1 1
chaincode/chaincode_ad/chaincode_ad.go:63.43,65.3 1 1
chaincode/chaincode_ad/chaincode_ad.go:65.3,65.46 1 1
chaincode/chaincode_ad/chaincode_ad.go:65.46,67.3 1 1
chaincode/chaincode_ad/chaincode_ad.go:67.3,67.41 1 1
chaincode/chaincode_ad/chaincode_ad.go:67.41,69.3 1 1
chaincode/chaincode_ad/chaincode_ad.go:69.3,69.41 1 1
chaincode/chaincode_ad/chaincode_ad.go:69.41,71.3 1 1
chaincode/chaincode_ad/chaincode_ad.go:71.3,71.39 1 1
chaincode/chaincode_ad/chaincode_ad.go:71.39,73.3 1 1
chaincode/chaincode_ad/chaincode_ad.go:80.101,85.28 3 1
chaincode/chaincode_ad/chaincode_ad.go:90.2,90.33 1 1
chaincode/chaincode_ad/chaincode_ad.go:97.2,103.16 7 1
chaincode/chaincode_ad/chaincode_ad.go:106.2,108.16 3 1
chaincode/chaincode_ad/chaincode_ad.go:112.2,112.15 1 1
chaincode/chaincode_ad/chaincode_ad.go:115.2,119.16 3 1
chaincode/chaincode_ad/chaincode_ad.go:124.2,125.16 2 1
chaincode/chaincode_ad/chaincode_ad.go:132.2,136.16 4 1
chaincode/chaincode_ad/chaincode_ad.go:141.2,142.16 2 1
chaincode/chaincode_ad/chaincode_ad.go:149.2,151.16 2 1
chaincode/chaincode_ad/chaincode_ad.go:157.2,161.26 3 1
chaincode/chaincode_ad/chaincode_ad.go:85.28,87.3 1 1
chaincode/chaincode_ad/chaincode_ad.go:90.33,91.24 1 1
chaincode/chaincode_ad/chaincode_ad.go:91.24,93.4 1 1
chaincode/chaincode_ad/chaincode_ad.go:103.16,105.3 1 1
chaincode/chaincode_ad/chaincode_ad.go:108.16,110.3 1 1
chaincode/chaincode_ad/chaincode_ad.go:112.15,114.3 1 1
chaincode/chaincode_ad/chaincode_ad.go:119.16,121.3 1 0
chaincode/chaincode_ad/chaincode_ad.go:125.16,127.3 1 0
chaincode/chaincode_ad/chaincode_ad.go:127.3,127.31 1 1
chaincode/chaincode_ad/chaincode_ad.go:127.31,129.3 1 1
chaincode/chaincode_ad/chaincode_ad.go:136.16,138.3 1 0
chaincode/chaincode_ad/chaincode_ad.go:142.16,144.3 1 0
chaincode/chaincode_ad/chaincode_ad.go:151.16,153.3 1 0
chaincode/chaincode_ad/chaincode_ad.go:166.104,171.28 3 1
chaincode/chaincode_ad/chaincode_ad.go:176.2,176.33 1 1
chaincode/chaincode_ad/chaincode_ad.go:183.2,186.16 4 1
chaincode/chaincode_ad/chaincode_ad.go:191.2,192.16 2 1
chaincode/chaincode_ad/chaincode_ad.go:195.2,196.16 2 1
chaincode/chaincode_ad/chaincode_ad.go:203.2,203.34 1 1
chaincode/chaincode_ad/chaincode_ad.go:171.28,173.3 1 1
chaincode/chaincode_ad/chaincode_ad.go:176.33,177.24 1 1
chaincode/chaincode_ad/chaincode_ad.go:177.24,179.4 1 1
chaincode/chaincode_ad/chaincode_ad.go:186.16,188.3 1 1
chaincode/chaincode_ad/chaincode_ad.go:192.16,194.3 1 0
chaincode/chaincode_ad/chaincode_ad.go:196.16,198.3 1 0
chaincode/chaincode_ad/chaincode_ad.go:198.3,198.31 1 1
chaincode/chaincode_ad/chaincode_ad.go:198.31,200.3 1 0
chaincode/chaincode_ad/chaincode_ad.go:208.100,213.28 3 1
chaincode/chaincode_ad/chaincode_ad.go:218.2,218.33 1 1
chaincode/chaincode_ad/chaincode_ad.go:225.2,228.16 3 1
chaincode/chaincode_ad/chaincode_ad.go:231.2,235.31 3 1
chaincode/chaincode_ad/chaincode_ad.go:263.2,267.34 3 1
chaincode/chaincode_ad/chaincode_ad.go:213.28,215.3 1 1
chaincode/chaincode_ad/chaincode_ad.go:218.33,219.24 1 1
chaincode/chaincode_ad/chaincode_ad.go:219.24,221.4 1 1
chaincode/chaincode_ad/chaincode_ad.go:228.16,230.3 1 0
chaincode/chaincode_ad/chaincode_ad.go:235.31,238.17 2 1
chaincode/chaincode_ad/chaincode_ad.go:243.3,244.17 2 1
chaincode/chaincode_ad/chaincode_ad.go:247.3,251.33 3 1
chaincode/chaincode_ad/chaincode_ad.go:256.3,257.31 2 1
chaincode/chaincode_ad/chaincode_ad.go:238.17,240.4 1 0
chaincode/chaincode_ad/chaincode_ad.go:244.17,246.4 1 0
chaincode/chaincode_ad/chaincode_ad.go:251.33,253.4 1 0
chaincode/chaincode_ad/chaincode_ad.go:257.31,259.4 1 1
chaincode/chaincode_ad/chaincode_ad.go:272.103,277.28 3 1
chaincode/chaincode_ad/chaincode_ad.go:282.2,282.33 1 1
chaincode/chaincode_ad/chaincode_ad.go:289.2,292.16 3 1
chaincode/chaincode_ad/chaincode_ad.go:295.2,299.31 3 1
chaincode/chaincode_ad/chaincode_ad.go:324.2,325.32 2 1
chaincode/chaincode_ad/chaincode_ad.go:330.2,330.39 1 1
chaincode/chaincode_ad/chaincode_ad.go:277.28,279.3 1 1
chaincode/chaincode_ad/chaincode_ad.go:282.33,283.24 1 1
chaincode/chaincode_ad/chaincode_ad.go:283.24,285.4 1 1
chaincode/chaincode_ad/chaincode_ad.go:292.16,294.3 1 0
chaincode/chaincode_ad/chaincode_ad.go:299.31,302.17 2 1
chaincode/chaincode_ad/chaincode_ad.go:307.3,308.17 2 1
chaincode/chaincode_ad/chaincode_ad.go:311.3,313.17 3 1
chaincode/chaincode_ad/chaincode_ad.go:318.3,318.32 1 1
chaincode/chaincode_ad/chaincode_ad.go:302.17,304.4 1 0
chaincode/chaincode_ad/chaincode_ad.go:308.17,310.4 1 0
chaincode/chaincode_ad/chaincode_ad.go:313.17,315.4 1 0
chaincode/chaincode_ad/chaincode_ad.go:318.32,320.4 1 1
chaincode/chaincode_ad/chaincode_ad.go:325.32,327.3 1 0
chaincode/chaincode_ad/chaincode_ad.go:335.98,340.28 3 1
chaincode/chaincode_ad/chaincode_ad.go:345.2,345.33 1 1
chaincode/chaincode_ad/chaincode_ad.go:352.2,357.16 3 1
chaincode/chaincode_ad/chaincode_ad.go:360.2,364.37 3 1
chaincode/chaincode_ad/chaincode_ad.go:393.2,397.34 3 1
chaincode/chaincode_ad/chaincode_ad.go:340.28,342.3 1 1
chaincode/chaincode_ad/chaincode_ad.go:345.33,346.24 1 1
chaincode/chaincode_ad/chaincode_ad.go:346.24,348.4 1 1
chaincode/chaincode_ad/chaincode_ad.go:357.16,359.3 1 0
chaincode/chaincode_ad/chaincode_ad.go:364.37,367.17 2 1
chaincode/chaincode_ad/chaincode_ad.go:372.3,373.17 2 1
chaincode/chaincode_ad/chaincode_ad.go:376.3,381.33 4 1
chaincode/chaincode_ad/chaincode_ad.go:386.3,387.37 2 1
chaincode/chaincode_ad/chaincode_ad.go:367.17,369.4 1 0
chaincode/chaincode_ad/chaincode_ad.go:373.17,375.4 1 0
chaincode/chaincode_ad/chaincode_ad.go:381.33,383.4 1 0
chaincode/chaincode_ad/chaincode_ad.go:387.37,389.4 1 1
chaincode/chaincode_ad/chaincode_ad.go:403.98,408.28 3 1
chaincode/chaincode_ad/chaincode_ad.go:413.2,413.33 1 1
chaincode/chaincode_ad/chaincode_ad.go:420.2,425.16 6 1
chaincode/chaincode_ad/chaincode_ad.go:428.2,434.34 5 0
chaincode/chaincode_ad/chaincode_ad.go:439.2,441.16 3 0
chaincode/chaincode_ad/chaincode_ad.go:447.2,448.16 2 0
chaincode/chaincode_ad/chaincode_ad.go:451.2,454.35 2 0
chaincode/chaincode_ad/chaincode_ad.go:460.2,461.16 2 0
chaincode/chaincode_ad/chaincode_ad.go:467.2,475.41 6 0
chaincode/chaincode_ad/chaincode_ad.go:480.2,484.45 5 0
chaincode/chaincode_ad/chaincode_ad.go:487.2,487.60 1 0
chaincode/chaincode_ad/chaincode_ad.go:490.2,490.29 1 0
chaincode/chaincode_ad/chaincode_ad.go:496.2,499.36 4 0
chaincode/chaincode_ad/chaincode_ad.go:504.2,506.16 3 0
chaincode/chaincode_ad/chaincode_ad.go:523.2,525.16 3 0
chaincode/chaincode_ad/chaincode_ad.go:530.2,531.16 2 0
chaincode/chaincode_ad/chaincode_ad.go:536.2,537.16 2 0
chaincode/chaincode_ad/chaincode_ad.go:542.2,542.41 1 0
chaincode/chaincode_ad/chaincode_ad.go:408.28,410.3 1 1
chaincode/chaincode_ad/chaincode_ad.go:413.33,414.24 1 1
chaincode/chaincode_ad/chaincode_ad.go:414.24,416.4 1 1
chaincode/chaincode_ad/chaincode_ad.go:425.16,427.3 1 1
chaincode/chaincode_ad/chaincode_ad.go:434.34,436.3 1 0
chaincode/chaincode_ad/chaincode_ad.go:441.16,443.3 1 0
chaincode/chaincode_ad/chaincode_ad.go:448.16,450.3 1 0
chaincode/chaincode_ad/chaincode_ad.go:454.35,456.3 1 0
chaincode/chaincode_ad/chaincode_ad.go:461.16,463.3 1 0
chaincode/chaincode_ad/chaincode_ad.go:475.41,477.3 1 0
chaincode/chaincode_ad/chaincode_ad.go:484.45,486.3 1 0
chaincode/chaincode_ad/chaincode_ad.go:487.60,489.3 1 0
chaincode/chaincode_ad/chaincode_ad.go:490.29,492.3 1 0
chaincode/chaincode_ad/chaincode_ad.go:499.36,501.3 1 0
chaincode/chaincode_ad/chaincode_ad.go:506.16,508.3 1 0
chaincode/chaincode_ad/chaincode_ad.go:525.16,527.3 1 0
chaincode/chaincode_ad/chaincode_ad.go:531.16,533.3 1 0
chaincode/chaincode_ad/chaincode_ad.go:537.16,539.3 1 0
chaincode/chaincode_ad/chaincode_ad.go:545.96,550.28 3 1
chaincode/chaincode_ad/chaincode_ad.go:555.2,555.33 1 1
chaincode/chaincode_ad/chaincode_ad.go:562.2,564.16 3 0
chaincode/chaincode_ad/chaincode_ad.go:567.2,570.35 2 0
chaincode/chaincode_ad/chaincode_ad.go:576.2,576.39 1 0
chaincode/chaincode_ad/chaincode_ad.go:550.28,552.3 1 1
chaincode/chaincode_ad/chaincode_ad.go:555.33,556.24 1 1
chaincode/chaincode_ad/chaincode_ad.go:556.24,558.4 1 1
chaincode/chaincode_ad/chaincode_ad.go:564.16,566.3 1 0
chaincode/chaincode_ad/chaincode_ad.go:570.35,573.3 1 0
