mode: set
chaincode/chaincode_data/chaincode_data.go:30.13,34.16 2 0
chaincode/chaincode_data/chaincode_data.go:34.16,36.3 1 0
chaincode/chaincode_data/chaincode_data.go:41.73,43.2 1 1
chaincode/chaincode_data/chaincode_data.go:47.75,51.30 2 1
chaincode/chaincode_data/chaincode_data.go:63.2,63.59 1 1
chaincode/chaincode_data/chaincode_data.go:51.30,53.3 1 1
chaincode/chaincode_data/chaincode_data.go:53.3,53.45 1 1
chaincode/chaincode_data/chaincode_data.go:53.45,55.3 1 1
chaincode/chaincode_data/chaincode_data.go:55.3,55.41 1 1
chaincode/chaincode_data/chaincode_data.go:55.41,57.3 1 1
chaincode/chaincode_data/chaincode_data.go:57.3,57.44 1 1
chaincode/chaincode_data/chaincode_data.go:57.44,59.3 1 1
chaincode/chaincode_data/chaincode_data.go:59.3,59.39 1 1
chaincode/chaincode_data/chaincode_data.go:59.39,61.3 1 1
chaincode/chaincode_data/chaincode_data.go:68.94,73.28 3 1
chaincode/chaincode_data/chaincode_data.go:78.2,78.33 1 1
chaincode/chaincode_data/chaincode_data.go:84.2,90.16 7 1
chaincode/chaincode_data/chaincode_data.go:93.2,97.16 3 1
chaincode/chaincode_data/chaincode_data.go:102.2,103.16 2 1
chaincode/chaincode_data/chaincode_data.go:110.2,112.16 3 1
chaincode/chaincode_data/chaincode_data.go:115.2,117.16 3 1
chaincode/chaincode_data/chaincode_data.go:122.2,123.16 2 1
chaincode/chaincode_data/chaincode_data.go:130.2,132.16 2 1
chaincode/chaincode_data/chaincode_data.go:138.2,142.26 3 1
chaincode/chaincode_data/chaincode_data.go:73.28,75.3 1 1
chaincode/chaincode_data/chaincode_data.go:78.33,79.24 1 1
chaincode/chaincode_data/chaincode_data.go:79.24,81.4 1 1
chaincode/chaincode_data/chaincode_data.go:90.16,92.3 1 1
chaincode/chaincode_data/chaincode_data.go:97.16,99.3 1 0
chaincode/chaincode_data/chaincode_data.go:103.16,105.3 1 0
chaincode/chaincode_data/chaincode_data.go:105.3,105.31 1 1
chaincode/chaincode_data/chaincode_data.go:105.31,107.3 1 1
chaincode/chaincode_data/chaincode_data.go:112.16,114.3 1 0
chaincode/chaincode_data/chaincode_data.go:117.16,119.3 1 0
chaincode/chaincode_data/chaincode_data.go:123.16,125.3 1 0
chaincode/chaincode_data/chaincode_data.go:132.16,134.3 1 0
chaincode/chaincode_data/chaincode_data.go:147.102,152.28 3 1
chaincode/chaincode_data/chaincode_data.go:157.2,157.33 1 1
chaincode/chaincode_data/chaincode_data.go:164.2,167.16 4 1
chaincode/chaincode_data/chaincode_data.go:172.2,173.16 2 1
chaincode/chaincode_data/chaincode_data.go:176.2,177.16 2 1
chaincode/chaincode_data/chaincode_data.go:184.2,184.34 1 1
chaincode/chaincode_data/chaincode_data.go:152.28,154.3 1 1
chaincode/chaincode_data/chaincode_data.go:157.33,158.24 1 1
chaincode/chaincode_data/chaincode_data.go:158.24,160.4 1 1
chaincode/chaincode_data/chaincode_data.go:167.16,169.3 1 0
chaincode/chaincode_data/chaincode_data.go:173.16,175.3 1 0
chaincode/chaincode_data/chaincode_data.go:177.16,179.3 1 0
chaincode/chaincode_data/chaincode_data.go:179.3,179.31 1 1
chaincode/chaincode_data/chaincode_data.go:179.31,181.3 1 0
chaincode/chaincode_data/chaincode_data.go:189.98,194.28 3 1
chaincode/chaincode_data/chaincode_data.go:199.2,199.33 1 1
chaincode/chaincode_data/chaincode_data.go:206.2,209.16 3 1
chaincode/chaincode_data/chaincode_data.go:212.2,216.31 3 1
chaincode/chaincode_data/chaincode_data.go:243.2,247.34 3 1
chaincode/chaincode_data/chaincode_data.go:194.28,196.3 1 1
chaincode/chaincode_data/chaincode_data.go:199.33,200.24 1 1
chaincode/chaincode_data/chaincode_data.go:200.24,202.4 1 1
chaincode/chaincode_data/chaincode_data.go:209.16,211.3 1 0
chaincode/chaincode_data/chaincode_data.go:216.31,219.17 2 1
chaincode/chaincode_data/chaincode_data.go:224.3,225.17 2 1
chaincode/chaincode_data/chaincode_data.go:228.3,232.33 3 1
chaincode/chaincode_data/chaincode_data.go:237.3,238.31 2 1
chaincode/chaincode_data/chaincode_data.go:219.17,221.4 1 0
chaincode/chaincode_data/chaincode_data.go:225.17,227.4 1 0
chaincode/chaincode_data/chaincode_data.go:232.33,234.4 1 0
chaincode/chaincode_data/chaincode_data.go:238.31,240.4 1 1
chaincode/chaincode_data/chaincode_data.go:252.101,257.28 3 1
chaincode/chaincode_data/chaincode_data.go:262.2,262.33 1 1
chaincode/chaincode_data/chaincode_data.go:269.2,273.16 3 1
chaincode/chaincode_data/chaincode_data.go:276.2,280.31 3 1
chaincode/chaincode_data/chaincode_data.go:305.2,306.32 2 1
chaincode/chaincode_data/chaincode_data.go:311.2,311.39 1 1
chaincode/chaincode_data/chaincode_data.go:257.28,259.3 1 1
chaincode/chaincode_data/chaincode_data.go:262.33,263.24 1 1
chaincode/chaincode_data/chaincode_data.go:263.24,265.4 1 1
chaincode/chaincode_data/chaincode_data.go:273.16,275.3 1 0
chaincode/chaincode_data/chaincode_data.go:280.31,283.17 2 1
chaincode/chaincode_data/chaincode_data.go:288.3,289.17 2 1
chaincode/chaincode_data/chaincode_data.go:292.3,294.17 3 1
chaincode/chaincode_data/chaincode_data.go:299.3,299.32 1 1
chaincode/chaincode_data/chaincode_data.go:283.17,285.4 1 0
chaincode/chaincode_data/chaincode_data.go:289.17,291.4 1 0
chaincode/chaincode_data/chaincode_data.go:294.17,296.4 1 0
chaincode/chaincode_data/chaincode_data.go:299.32,301.4 1 1
chaincode/chaincode_data/chaincode_data.go:306.32,308.3 1 0
chaincode/chaincode_data/chaincode_data.go:316.96,321.28 3 1
chaincode/chaincode_data/chaincode_data.go:326.2,326.33 1 1
chaincode/chaincode_data/chaincode_data.go:333.2,338.16 3 1
chaincode/chaincode_data/chaincode_data.go:341.2,345.37 3 1
chaincode/chaincode_data/chaincode_data.go:374.2,378.34 3 1
chaincode/chaincode_data/chaincode_data.go:321.28,323.3 1 1
chaincode/chaincode_data/chaincode_data.go:326.33,327.24 1 1
chaincode/chaincode_data/chaincode_data.go:327.24,329.4 1 1
chaincode/chaincode_data/chaincode_data.go:338.16,340.3 1 0
chaincode/chaincode_data/chaincode_data.go:345.37,348.17 2 1
chaincode/chaincode_data/chaincode_data.go:353.3,354.17 2 1
chaincode/chaincode_data/chaincode_data.go:357.3,362.33 4 1
chaincode/chaincode_data/chaincode_data.go:367.3,368.37 2 1
chaincode/chaincode_data/chaincode_data.go:348.17,350.4 1 0
chaincode/chaincode_data/chaincode_data.go:354.17,356.4 1 0
chaincode/chaincode_data/chaincode_data.go:362.33,364.4 1 0
chaincode/chaincode_data/chaincode_data.go:368.37,370.4 1 1
